<?xml version="1.0" encoding="UTF-8"?>
<robot generator="Robot 5.0.1 (Python 3.9.10 on win32)" generated="20220808 15:13:31.683" rpa="false" schemaversion="3">
<suite id="s1" name="Test" source="E:\project\cmtt_webui_auto_test\else\test.robot">
<test id="s1-t1" name="Baidu search case" line="4">
<kw name="Open Browser" library="Selenium2Library">
<arg>http://www.baidu.com</arg>
<arg>chrome</arg>
<doc>Opens a new browser instance to the optional ``url``.</doc>
<msg timestamp="20220808 15:13:31.980" level="INFO">Opening browser 'chrome' to base url 'http://www.baidu.com'.</msg>
<status status="PASS" starttime="20220808 15:13:31.980" endtime="20220808 15:13:36.009"/>
</kw>
<kw name="Input Text" library="Selenium2Library">
<arg>css:#kw</arg>
<arg>123</arg>
<doc>Types the given ``text`` into the text field identified by ``locator``.</doc>
<msg timestamp="20220808 15:13:36.009" level="INFO">Typing text '123' into text field 'css:#kw'.</msg>
<status status="PASS" starttime="20220808 15:13:36.009" endtime="20220808 15:13:36.125"/>
</kw>
<kw name="Click Button" library="Selenium2Library">
<arg>css:#su</arg>
<doc>Clicks the button identified by ``locator``.</doc>
<msg timestamp="20220808 15:13:36.126" level="INFO">Clicking button 'css:#su'.</msg>
<status status="PASS" starttime="20220808 15:13:36.125" endtime="20220808 15:13:36.347"/>
</kw>
<kw name="Sleep" library="BuiltIn">
<arg>5</arg>
<doc>Pauses the test executed for the given time.</doc>
<msg timestamp="20220808 15:13:41.350" level="INFO">Slept 5 seconds</msg>
<status status="PASS" starttime="20220808 15:13:36.347" endtime="20220808 15:13:41.350"/>
</kw>
<kw name="Close Browser" library="Selenium2Library">
<doc>Closes the current browser.</doc>
<status status="PASS" starttime="20220808 15:13:41.350" endtime="20220808 15:13:43.616"/>
</kw>
<status status="PASS" starttime="20220808 15:13:31.979" endtime="20220808 15:13:43.616"/>
</test>
<status status="PASS" starttime="20220808 15:13:31.684" endtime="20220808 15:13:43.617"/>
</suite>
<statistics>
<total>
<stat pass="1" fail="0" skip="0">All Tests</stat>
</total>
<tag>
</tag>
<suite>
<stat pass="1" fail="0" skip="0" id="s1" name="Test">Test</stat>
</suite>
</statistics>
<errors>
</errors>
</robot>
